#
# A fatal error has been detected by the Java Runtime Environment:
#
#  Internal Error (javaClasses.cpp:136), pid=6776, tid=6384
#  fatal error: Invalid layout of preloaded class
#
# JRE version:  (7.0_45-b18) (build )
# Java VM: Java HotSpot(TM) Client VM (24.45-b08 mixed mode windows-x86 )
# Failed to write core dump. Minidumps are not enabled by default on client versions of Windows
#
# If you would like to submit a bug report, please visit:
#   http://bugreport.sun.com/bugreport/crash.jsp
#

---------------  T H R E A D  ---------------

Current thread (0x01e2c800):  JavaThread "Unknown thread" [_thread_in_vm, id=6384, stack(0x01f20000,0x01f70000)]

Stack: [0x01f20000,0x01f70000],  sp=0x01f6f9d0,  free space=318k
Native frames: (J=compiled Java code, j=interpreted, Vv=VM code, C=native code)
V  [jvm.dll+0x18df51]
V  [jvm.dll+0x187cc6]
V  [jvm.dll+0x3586a]
V  [jvm.dll+0x358f6]
V  [jvm.dll+0x4400d]
V  [jvm.dll+0x442be]
V  [jvm.dll+0x9263a]
V  [jvm.dll+0x929eb]
V  [jvm.dll+0x13daf1]
V  [jvm.dll+0x1605fc]
V  [jvm.dll+0xc8ebf]
C  [javaw.exe+0x13ce]
C  [javaw.exe+0x1e40]
C  [javaw.exe+0xa5b1]
C  [javaw.exe+0xa63b]
C  [kernel32.dll+0x1338a]
C  [ntdll.dll+0x39f72]
C  [ntdll.dll+0x39f45]


---------------  P R O C E S S  ---------------

Java Threads: ( => current thread )

Other Threads:

=>0x01e2c800 (exited) JavaThread "Unknown thread" [_thread_in_vm, id=6384, stack(0x01f20000,0x01f70000)]

VM state:not at safepoint (not fully initialized)

VM Mutex/Monitor currently owned by a thread: None

GC Heap History (0 events):
No events

Deoptimization events (0 events):
No events

Internal exceptions (0 events):
No events

Events (10 events):
Event: 0.386 loading class 0x01cc3228 done
Event: 0.431 loading class 0x01cc2cb8 done
Event: 0.431 loading class 0x01cc2c98
Event: 0.431 loading class 0x01cc9fc0
Event: 0.431 loading class 0x01cc9fc0 done
Event: 0.431 loading class 0x01cc9ff0
Event: 0.432 loading class 0x01cc9ff0 done
Event: 0.432 loading class 0x01cca020
Event: 0.432 loading class 0x01cca020 done
Event: 0.432 loading class 0x01cc2c98 done


Dynamic libraries:
0x00360000 - 0x0038f000 	C:\Program Files (x86)\Java\jre7\bin\javaw.exe
0x76ee0000 - 0x77060000 	C:\Windows\SysWOW64\ntdll.dll
0x75590000 - 0x756a0000 	C:\Windows\syswow64\kernel32.dll
0x74910000 - 0x74957000 	C:\Windows\syswow64\KERNELBASE.dll
0x75490000 - 0x75530000 	C:\Windows\syswow64\ADVAPI32.dll
0x766a0000 - 0x7674c000 	C:\Windows\syswow64\msvcrt.dll
0x76630000 - 0x76649000 	C:\Windows\SysWOW64\sechost.dll
0x756a0000 - 0x75790000 	C:\Windows\syswow64\RPCRT4.dll
0x74870000 - 0x748d0000 	C:\Windows\syswow64\SspiCli.dll
0x74860000 - 0x7486c000 	C:\Windows\syswow64\CRYPTBASE.dll
0x75830000 - 0x75930000 	C:\Windows\syswow64\USER32.dll
0x74de0000 - 0x74e70000 	C:\Windows\syswow64\GDI32.dll
0x75820000 - 0x7582a000 	C:\Windows\syswow64\LPK.dll
0x74a30000 - 0x74acd000 	C:\Windows\syswow64\USP10.dll
0x6c920000 - 0x6cabe000 	C:\Windows\WinSxS\x86_microsoft.windows.common-controls_6595b64144ccf1df_6.0.7601.17514_none_41e6975e2bd6f2b2\COMCTL32.dll
0x74980000 - 0x749d7000 	C:\Windows\syswow64\SHLWAPI.dll
0x75530000 - 0x75590000 	C:\Windows\system32\IMM32.DLL
0x74d10000 - 0x74ddc000 	C:\Windows\syswow64\MSCTF.dll
0x52f30000 - 0x52fef000 	C:\Program Files (x86)\Java\jre7\bin\msvcr100.dll
0x528c0000 - 0x52c40000 	C:\Program Files (x86)\Java\jre7\bin\client\jvm.dll
0x72dd0000 - 0x72dd7000 	C:\Windows\system32\WSOCK32.dll
0x76aa0000 - 0x76ad5000 	C:\Windows\syswow64\WS2_32.dll
0x76a90000 - 0x76a96000 	C:\Windows\syswow64\NSI.dll
0x6f750000 - 0x6f782000 	C:\Windows\system32\WINMM.dll
0x76650000 - 0x76655000 	C:\Windows\syswow64\PSAPI.DLL
0x6eab0000 - 0x6eabc000 	C:\Program Files (x86)\Java\jre7\bin\verify.dll
0x6e110000 - 0x6e130000 	C:\Program Files (x86)\Java\jre7\bin\java.dll
0x6c7d0000 - 0x6c7e3000 	C:\Program Files (x86)\Java\jre7\bin\zip.dll
0x6df70000 - 0x6e05b000 	C:\Windows\system32\dbghelp.dll

VM Arguments:
jvm_args: -Dfile.encoding=Cp1252 -Xbootclasspath:C:\Users\Gordon\Documents\adt-bundle-windows-x86_64-20131030\sdk\platforms\android-19\android.jar 
java_command: model.Test
Launcher Type: SUN_STANDARD

Environment Variables:
CLASSPATH=.;C:\Program Files (x86)\Java\jre7\lib\ext\QTJava.zip
PATH=C:\Program Files (x86)\AMD APP\bin\x86_64;C:\Program Files (x86)\AMD APP\bin\x86;C:\Program Files\Common Files\Microsoft Shared\Windows Live;C:\Windows\system32;C:\Windows;C:\Windows\System32\Wbem;C:\Windows\System32\WindowsPowerShell\v1.0\;C:\Program Files (x86)\ATI Technologies\ATI.ACE\Core-Static;C:\Program Files\MATLAB\R2012a\runtime\win64;C:\Program Files\MATLAB\R2012a\bin;C:\Program Files (x86)\QuickTime\QTSystem\;C:\MinGW\bin;C:\Python27;C:\Program Files\MySQL\MySQL Server 5.5\bin;C:\Program Files (x86)\MySQL\MySQL Utilities 1.3.4\;C:\Program Files (x86)\GmoteServer\bin\vlc
USERNAME=Gordon
OS=Windows_NT
PROCESSOR_IDENTIFIER=Intel64 Family 6 Model 30 Stepping 5, GenuineIntel



---------------  S Y S T E M  ---------------

OS: Windows 7 , 64 bit Build 7601 Service Pack 1

CPU:total 8 (4 cores per cpu, 2 threads per core) family 6 model 30 stepping 5, cmov, cx8, fxsr, mmx, sse, sse2, sse3, ssse3, sse4.1, sse4.2, popcnt, ht, tsc, tscinvbit

Memory: 4k page, physical 4126576k(1257956k free), swap 8251288k(3834844k free)

vm_info: Java HotSpot(TM) Client VM (24.45-b08) for windows-x86 JRE (1.7.0_45-b18), built on Oct  8 2013 06:02:43 by "java_re" with unknown MS VC++:1600

time: Thu Nov 13 15:40:34 2014
elapsed time: 0 seconds

